0 info it worked if it ends with ok
1 verbose cli [ 'C:\\Program Files\\nodejs\\node.exe',
1 verbose cli   'C:\\Program Files\\nodejs\\node_modules\\npm\\bin\\npm-cli.js',
1 verbose cli   'start' ]
2 info using npm@3.10.9
3 info using node@v6.9.2
4 verbose run-script [ 'prestart', 'start', 'poststart' ]
5 info lifecycle aant@1.0.0~prestart: aant@1.0.0
6 silly lifecycle aant@1.0.0~prestart: no script for prestart, continuing
7 info lifecycle aant@1.0.0~start: aant@1.0.0
8 verbose lifecycle aant@1.0.0~start: unsafe-perm in lifecycle true
9 verbose lifecycle aant@1.0.0~start: PATH: C:\Users\huanghui\AppData\Roaming\nvm\v6.9.2\node_modules\npm\bin\node-gyp-bin;E:\work\userimg\Data-UserImages\node_modules\.bin;D:\maven\apache-maven-3.3.9-bin\apache-maven-3.3.9\bin;C:\ProgramData\Oracle\Java\javapath;C:\Windows\system32;C:\Windows;C:\Windows\System32\Wbem;C:\Windows\System32\WindowsPowerShell\v1.0\;C:\ProgramData\chocolatey\bin;C:\Program Files\TortoiseSVN\bin;C:\Program Files\Java\jdk1.8.0_111\bin;C:\Program Files\Java\jdk1.8.0_111\jre\bin;C:\Users\huanghui\AppData\Local\Android\sdk\tools;C:\Users\huanghui\AppData\Local\Android\sdk\platform-tools;C:\Users\huanghui\AppData\Roaming\nvm;C:\Program Files\nodejs;C:\Python27;C:\Python27\Scripts;C:\Program Files\TortoiseGit\bin;C:\Program Files\Git\cmd;C:\Ruby23-x64\bin;C:\Users\huanghui\AppData\Local\Microsoft\WindowsApps;C:\Users\huanghui\AppData\Roaming\nvm;C:\Program Files\nodejs;C:\Program Files (x86)\Microsoft VS Code\bin;D:\maven\apache-maven-3.3.9-bin\apache-maven-3.3.9\bin
10 verbose lifecycle aant@1.0.0~start: CWD: E:\work\userimg\Data-UserImages
11 silly lifecycle aant@1.0.0~start: Args: [ '/d /s /c', 'set NODE_ENV=develop&& node server.js' ]
12 verbose stack Error: kill ENOSYS
12 verbose stack     at exports._errnoException (util.js:1022:11)
12 verbose stack     at process.kill (internal/process.js:172:13)
12 verbose stack     at process.listener (C:\Users\huanghui\AppData\Roaming\nvm\v6.9.2\node_modules\npm\node_modules\npmlog\node_modules\gauge\node_modules\signal-exit\index.js:86:15)
12 verbose stack     at emitNone (events.js:91:20)
12 verbose stack     at process.emit (events.js:185:7)
12 verbose stack     at processEmit (C:\Users\huanghui\AppData\Roaming\nvm\v6.9.2\node_modules\npm\node_modules\npmlog\node_modules\gauge\node_modules\signal-exit\index.js:146:32)
12 verbose stack     at processEmit (C:\Users\huanghui\AppData\Roaming\nvm\v6.9.2\node_modules\npm\node_modules\npm-registry-client\node_modules\npmlog\node_modules\gauge\node_modules\signal-exit\index.js:146:32)
12 verbose stack     at Signal.wrap.onsignal (internal/process.js:199:44)
13 verbose cwd E:\work\userimg\Data-UserImages
14 error Windows_NT 10.0.14393
15 error argv "C:\\Program Files\\nodejs\\node.exe" "C:\\Program Files\\nodejs\\node_modules\\npm\\bin\\npm-cli.js" "start"
16 error node v6.9.2
17 error npm  v3.10.9
18 error code ENOSYS
19 error errno ENOSYS
20 error syscall kill
21 error kill ENOSYS
22 error If you need help, you may report this error at:
22 error     <https://github.com/npm/npm/issues>
23 verbose exit [ 1, true ]
